<?xml version="1.0" encoding="UTF-8"?>
<!-- Generated by org.testng.reporters.JUnitReportReporter -->
<testsuite hostname="DESKTOP-V7R4QNT" failures="0" tests="1" name="Frame.capabilities2" time="0.018" errors="0" timestamp="2024-02-13T16:36:27 IST" skipped="0">
  <testcase classname="Frame.capabilities2" name="tst" time="0.018"/>
  <system-out/>
</testsuite> <!-- Frame.capabilities2 -->
